2019-04-16 09:01:58.712 [error] <0.445.0> Supervisor 'Elixir.Logger.Supervisor' had child 'Elixir.Logger.ErrorHandler' started with 'Elixir.Logger.Watcher':start_link({error_logger,'Elixir.Logger.ErrorHandler',{true,false,500}}) at <0.450.0> exit with reason normal in context child_terminated
2019-04-16 09:01:58.745 [info] <0.33.0> Application lager started on node nonode@nohost
2019-04-16 09:01:58.749 [info] <0.33.0> Application xmerl started on node nonode@nohost
2019-04-16 09:01:58.751 [info] <0.33.0> Application jsx started on node nonode@nohost
2019-04-16 09:01:58.760 [info] <0.33.0> Application ranch started on node nonode@nohost
2019-04-16 09:01:58.762 [info] <0.33.0> Application ranch_proxy_protocol started on node nonode@nohost
2019-04-16 09:01:58.764 [info] <0.33.0> Application recon started on node nonode@nohost
2019-04-16 09:01:58.764 [info] <0.33.0> Application rabbit_common started on node nonode@nohost
2019-04-16 09:01:58.770 [info] <0.33.0> Application amqp_client started on node nonode@nohost
2019-04-16 09:01:58.770 [info] <0.33.0> Application amqp started on node nonode@nohost
2019-04-16 09:01:58.770 [info] <0.33.0> Application producer started on node nonode@nohost
2019-04-18 21:31:11.791 [error] <0.359.0> Supervisor 'Elixir.Logger.Supervisor' had child 'Elixir.Logger.ErrorHandler' started with 'Elixir.Logger.Watcher':start_link({error_logger,'Elixir.Logger.ErrorHandler',{true,false,500}}) at <0.364.0> exit with reason normal in context child_terminated
2019-04-18 21:31:11.816 [info] <0.33.0> Application lager started on node nonode@nohost
2019-04-18 21:31:11.820 [info] <0.33.0> Application xmerl started on node nonode@nohost
2019-04-18 21:31:11.822 [info] <0.33.0> Application jsx started on node nonode@nohost
2019-04-18 21:31:11.830 [info] <0.33.0> Application ranch started on node nonode@nohost
2019-04-18 21:31:11.832 [info] <0.33.0> Application ranch_proxy_protocol started on node nonode@nohost
2019-04-18 21:31:11.833 [info] <0.33.0> Application recon started on node nonode@nohost
2019-04-18 21:31:11.833 [info] <0.33.0> Application rabbit_common started on node nonode@nohost
2019-04-18 21:31:11.838 [info] <0.33.0> Application amqp_client started on node nonode@nohost
2019-04-18 21:31:11.838 [info] <0.33.0> Application amqp started on node nonode@nohost
2019-04-18 21:31:11.844 [info] <0.33.0> Application tools started on node nonode@nohost
2019-04-18 21:31:11.845 [info] <0.33.0> Application meck started on node nonode@nohost
2019-04-18 21:31:11.845 [info] <0.33.0> Application mock started on node nonode@nohost
2019-04-18 21:31:11.845 [info] <0.33.0> Application producer started on node nonode@nohost
2019-04-18 21:31:11.855 [info] <0.33.0> Application ex_unit started on node nonode@nohost
2019-04-18 21:34:15.048 [error] <0.146.0> Supervisor 'Elixir.Logger.Supervisor' had child 'Elixir.Logger.ErrorHandler' started with 'Elixir.Logger.Watcher':start_link({error_logger,'Elixir.Logger.ErrorHandler',{true,false,500}}) at <0.151.0> exit with reason normal in context child_terminated
2019-04-18 21:34:15.080 [info] <0.33.0> Application lager started on node nonode@nohost
2019-04-18 21:34:15.086 [info] <0.33.0> Application xmerl started on node nonode@nohost
2019-04-18 21:34:15.090 [info] <0.33.0> Application jsx started on node nonode@nohost
2019-04-18 21:34:15.097 [info] <0.33.0> Application ranch started on node nonode@nohost
2019-04-18 21:34:15.098 [info] <0.33.0> Application ranch_proxy_protocol started on node nonode@nohost
2019-04-18 21:34:15.100 [info] <0.33.0> Application recon started on node nonode@nohost
2019-04-18 21:34:15.100 [info] <0.33.0> Application rabbit_common started on node nonode@nohost
2019-04-18 21:34:15.107 [info] <0.33.0> Application amqp_client started on node nonode@nohost
2019-04-18 21:34:15.107 [info] <0.33.0> Application amqp started on node nonode@nohost
2019-04-18 21:34:15.113 [info] <0.33.0> Application tools started on node nonode@nohost
2019-04-18 21:34:15.113 [info] <0.33.0> Application meck started on node nonode@nohost
2019-04-18 21:34:15.114 [info] <0.33.0> Application mock started on node nonode@nohost
2019-04-18 21:34:15.114 [info] <0.33.0> Application producer started on node nonode@nohost
2019-04-18 21:34:15.127 [info] <0.33.0> Application ex_unit started on node nonode@nohost
2019-04-18 21:35:01.653 [error] <0.155.0> Supervisor 'Elixir.Logger.Supervisor' had child 'Elixir.Logger.ErrorHandler' started with 'Elixir.Logger.Watcher':start_link({error_logger,'Elixir.Logger.ErrorHandler',{true,false,500}}) at <0.160.0> exit with reason normal in context child_terminated
2019-04-18 21:35:01.693 [info] <0.33.0> Application lager started on node nonode@nohost
2019-04-18 21:35:01.700 [info] <0.33.0> Application xmerl started on node nonode@nohost
2019-04-18 21:35:01.702 [info] <0.33.0> Application jsx started on node nonode@nohost
2019-04-18 21:35:01.712 [info] <0.33.0> Application ranch started on node nonode@nohost
2019-04-18 21:35:01.714 [info] <0.33.0> Application ranch_proxy_protocol started on node nonode@nohost
2019-04-18 21:35:01.716 [info] <0.33.0> Application recon started on node nonode@nohost
2019-04-18 21:35:01.717 [info] <0.33.0> Application rabbit_common started on node nonode@nohost
2019-04-18 21:35:01.728 [info] <0.33.0> Application amqp_client started on node nonode@nohost
2019-04-18 21:35:01.728 [info] <0.33.0> Application amqp started on node nonode@nohost
2019-04-18 21:35:01.735 [info] <0.33.0> Application tools started on node nonode@nohost
2019-04-18 21:35:01.736 [info] <0.33.0> Application meck started on node nonode@nohost
2019-04-18 21:35:01.736 [info] <0.33.0> Application mock started on node nonode@nohost
2019-04-18 21:35:01.736 [info] <0.33.0> Application producer started on node nonode@nohost
2019-04-18 21:35:01.747 [info] <0.33.0> Application ex_unit started on node nonode@nohost
2019-04-18 21:48:00.676 [error] <0.167.0> Supervisor 'Elixir.Logger.Supervisor' had child 'Elixir.Logger.ErrorHandler' started with 'Elixir.Logger.Watcher':start_link({error_logger,'Elixir.Logger.ErrorHandler',{true,false,500}}) at <0.172.0> exit with reason normal in context child_terminated
2019-04-18 21:48:00.700 [info] <0.33.0> Application lager started on node nonode@nohost
2019-04-18 21:48:00.704 [info] <0.33.0> Application xmerl started on node nonode@nohost
2019-04-18 21:48:00.706 [info] <0.33.0> Application jsx started on node nonode@nohost
2019-04-18 21:48:00.713 [info] <0.33.0> Application ranch started on node nonode@nohost
2019-04-18 21:48:00.714 [info] <0.33.0> Application ranch_proxy_protocol started on node nonode@nohost
2019-04-18 21:48:00.715 [info] <0.33.0> Application recon started on node nonode@nohost
2019-04-18 21:48:00.715 [info] <0.33.0> Application rabbit_common started on node nonode@nohost
2019-04-18 21:48:00.721 [info] <0.33.0> Application amqp_client started on node nonode@nohost
2019-04-18 21:48:00.721 [info] <0.33.0> Application amqp started on node nonode@nohost
2019-04-18 21:48:00.728 [info] <0.33.0> Application tools started on node nonode@nohost
2019-04-18 21:48:00.728 [info] <0.33.0> Application meck started on node nonode@nohost
2019-04-18 21:48:00.728 [info] <0.33.0> Application mock started on node nonode@nohost
2019-04-18 21:48:00.728 [info] <0.33.0> Application producer started on node nonode@nohost
2019-04-18 21:48:00.739 [info] <0.33.0> Application ex_unit started on node nonode@nohost
2019-04-18 21:48:00.859 [error] <0.247.0> gen_server <0.247.0> terminated with reason: "stopping because dependent process <0.244.0> died: shutdown"
2019-04-18 21:48:00.859 [error] <0.247.0> CRASH REPORT Process <0.247.0> with 0 neighbours exited with reason: "stopping because dependent process <0.244.0> died: shutdown" in gen_server:handle_common_reply/8 line 726
2019-04-18 21:48:17.385 [error] <0.155.0> Supervisor 'Elixir.Logger.Supervisor' had child 'Elixir.Logger.ErrorHandler' started with 'Elixir.Logger.Watcher':start_link({error_logger,'Elixir.Logger.ErrorHandler',{true,false,500}}) at <0.160.0> exit with reason normal in context child_terminated
2019-04-18 21:48:17.408 [info] <0.33.0> Application lager started on node nonode@nohost
2019-04-18 21:48:17.412 [info] <0.33.0> Application xmerl started on node nonode@nohost
2019-04-18 21:48:17.414 [info] <0.33.0> Application jsx started on node nonode@nohost
2019-04-18 21:48:17.419 [info] <0.33.0> Application ranch started on node nonode@nohost
2019-04-18 21:48:17.421 [info] <0.33.0> Application ranch_proxy_protocol started on node nonode@nohost
2019-04-18 21:48:17.422 [info] <0.33.0> Application recon started on node nonode@nohost
2019-04-18 21:48:17.422 [info] <0.33.0> Application rabbit_common started on node nonode@nohost
2019-04-18 21:48:17.428 [info] <0.33.0> Application amqp_client started on node nonode@nohost
2019-04-18 21:48:17.428 [info] <0.33.0> Application amqp started on node nonode@nohost
2019-04-18 21:48:17.433 [info] <0.33.0> Application tools started on node nonode@nohost
2019-04-18 21:48:17.433 [info] <0.33.0> Application meck started on node nonode@nohost
2019-04-18 21:48:17.434 [info] <0.33.0> Application mock started on node nonode@nohost
2019-04-18 21:48:17.434 [info] <0.33.0> Application producer started on node nonode@nohost
2019-04-18 21:48:17.443 [info] <0.33.0> Application ex_unit started on node nonode@nohost
2019-04-18 21:48:17.565 [error] <0.235.0> gen_server <0.235.0> terminated with reason: "stopping because dependent process <0.232.0> died: shutdown"
2019-04-18 21:57:48.031 [error] <0.161.0> Supervisor 'Elixir.Logger.Supervisor' had child 'Elixir.Logger.ErrorHandler' started with 'Elixir.Logger.Watcher':start_link({error_logger,'Elixir.Logger.ErrorHandler',{true,false,500}}) at <0.166.0> exit with reason normal in context child_terminated
2019-04-18 21:57:48.053 [info] <0.33.0> Application lager started on node nonode@nohost
2019-04-18 21:57:48.057 [info] <0.33.0> Application xmerl started on node nonode@nohost
2019-04-18 21:57:48.059 [info] <0.33.0> Application jsx started on node nonode@nohost
2019-04-18 21:57:48.065 [info] <0.33.0> Application ranch started on node nonode@nohost
2019-04-18 21:57:48.067 [info] <0.33.0> Application ranch_proxy_protocol started on node nonode@nohost
2019-04-18 21:57:48.068 [info] <0.33.0> Application recon started on node nonode@nohost
2019-04-18 21:57:48.068 [info] <0.33.0> Application rabbit_common started on node nonode@nohost
2019-04-18 21:57:48.073 [info] <0.33.0> Application amqp_client started on node nonode@nohost
2019-04-18 21:57:48.073 [info] <0.33.0> Application amqp started on node nonode@nohost
2019-04-18 21:57:48.079 [info] <0.33.0> Application tools started on node nonode@nohost
2019-04-18 21:57:48.079 [info] <0.33.0> Application meck started on node nonode@nohost
2019-04-18 21:57:48.079 [info] <0.33.0> Application mock started on node nonode@nohost
2019-04-18 21:57:48.079 [info] <0.33.0> Application producer started on node nonode@nohost
2019-04-18 21:57:48.089 [info] <0.33.0> Application ex_unit started on node nonode@nohost
2019-04-18 21:57:48.220 [error] <0.241.0> gen_server <0.241.0> terminated with reason: "stopping because dependent process <0.238.0> died: shutdown"
2019-04-18 22:00:29.135 [error] <0.172.0> Supervisor 'Elixir.Logger.Supervisor' had child 'Elixir.Logger.ErrorHandler' started with 'Elixir.Logger.Watcher':start_link({error_logger,'Elixir.Logger.ErrorHandler',{true,false,500}}) at <0.177.0> exit with reason normal in context child_terminated
2019-04-18 22:00:29.168 [info] <0.33.0> Application lager started on node nonode@nohost
2019-04-18 22:00:29.176 [info] <0.33.0> Application xmerl started on node nonode@nohost
2019-04-18 22:00:29.179 [info] <0.33.0> Application jsx started on node nonode@nohost
2019-04-18 22:00:29.185 [info] <0.33.0> Application ranch started on node nonode@nohost
2019-04-18 22:00:29.186 [info] <0.33.0> Application ranch_proxy_protocol started on node nonode@nohost
2019-04-18 22:00:29.187 [info] <0.33.0> Application recon started on node nonode@nohost
2019-04-18 22:00:29.187 [info] <0.33.0> Application rabbit_common started on node nonode@nohost
2019-04-18 22:00:29.196 [info] <0.33.0> Application amqp_client started on node nonode@nohost
2019-04-18 22:00:29.197 [info] <0.33.0> Application amqp started on node nonode@nohost
2019-04-18 22:00:29.213 [info] <0.33.0> Application tools started on node nonode@nohost
2019-04-18 22:00:29.213 [info] <0.33.0> Application meck started on node nonode@nohost
2019-04-18 22:00:29.213 [info] <0.33.0> Application mock started on node nonode@nohost
2019-04-18 22:00:29.226 [error] <0.228.0> CRASH REPORT Process <0.228.0> with 0 neighbours exited with reason: #{'__exception__' => true,'__struct__' => 'Elixir.ArgumentError',message => <<"The module Broker was given as a child to a supervisor but it does not exist.">>} in 'Elixir.Supervisor':init_child/1 line 629 in application_master:init/4 line 134
2019-04-18 22:00:29.244 [info] <0.33.0> Application producer exited with reason: #{'__exception__' => true,'__struct__' => 'Elixir.ArgumentError',message => <<"The module Broker was given as a child to a supervisor but it does not exist.">>} in 'Elixir.Supervisor':init_child/1 line 629
2019-04-18 22:00:56.423 [error] <0.172.0> Supervisor 'Elixir.Logger.Supervisor' had child 'Elixir.Logger.ErrorHandler' started with 'Elixir.Logger.Watcher':start_link({error_logger,'Elixir.Logger.ErrorHandler',{true,false,500}}) at <0.177.0> exit with reason normal in context child_terminated
2019-04-18 22:00:56.446 [info] <0.33.0> Application lager started on node nonode@nohost
2019-04-18 22:00:56.450 [info] <0.33.0> Application xmerl started on node nonode@nohost
2019-04-18 22:00:56.452 [info] <0.33.0> Application jsx started on node nonode@nohost
2019-04-18 22:00:56.458 [info] <0.33.0> Application ranch started on node nonode@nohost
2019-04-18 22:00:56.460 [info] <0.33.0> Application ranch_proxy_protocol started on node nonode@nohost
2019-04-18 22:00:56.461 [info] <0.33.0> Application recon started on node nonode@nohost
2019-04-18 22:00:56.461 [info] <0.33.0> Application rabbit_common started on node nonode@nohost
2019-04-18 22:00:56.466 [info] <0.33.0> Application amqp_client started on node nonode@nohost
2019-04-18 22:00:56.466 [info] <0.33.0> Application amqp started on node nonode@nohost
2019-04-18 22:00:56.472 [info] <0.33.0> Application tools started on node nonode@nohost
2019-04-18 22:00:56.472 [info] <0.33.0> Application meck started on node nonode@nohost
2019-04-18 22:00:56.472 [info] <0.33.0> Application mock started on node nonode@nohost
2019-04-18 22:00:56.511 [info] <0.33.0> Application producer started on node nonode@nohost
2019-04-18 22:00:56.521 [info] <0.33.0> Application ex_unit started on node nonode@nohost
2019-04-18 22:02:16.615 [error] <0.160.0> Supervisor 'Elixir.Logger.Supervisor' had child 'Elixir.Logger.ErrorHandler' started with 'Elixir.Logger.Watcher':start_link({error_logger,'Elixir.Logger.ErrorHandler',{true,false,500}}) at <0.165.0> exit with reason normal in context child_terminated
2019-04-18 22:02:16.637 [info] <0.33.0> Application lager started on node nonode@nohost
2019-04-18 22:02:16.641 [info] <0.33.0> Application xmerl started on node nonode@nohost
2019-04-18 22:02:16.643 [info] <0.33.0> Application jsx started on node nonode@nohost
2019-04-18 22:02:16.648 [info] <0.33.0> Application ranch started on node nonode@nohost
2019-04-18 22:02:16.650 [info] <0.33.0> Application ranch_proxy_protocol started on node nonode@nohost
2019-04-18 22:02:16.651 [info] <0.33.0> Application recon started on node nonode@nohost
2019-04-18 22:02:16.651 [info] <0.33.0> Application rabbit_common started on node nonode@nohost
2019-04-18 22:02:16.657 [info] <0.33.0> Application amqp_client started on node nonode@nohost
2019-04-18 22:02:16.657 [info] <0.33.0> Application amqp started on node nonode@nohost
2019-04-18 22:02:16.662 [info] <0.33.0> Application tools started on node nonode@nohost
2019-04-18 22:02:16.662 [info] <0.33.0> Application meck started on node nonode@nohost
2019-04-18 22:02:16.662 [info] <0.33.0> Application mock started on node nonode@nohost
2019-04-18 22:02:16.700 [info] <0.33.0> Application producer started on node nonode@nohost
2019-04-18 22:02:16.710 [info] <0.33.0> Application ex_unit started on node nonode@nohost
2019-04-18 22:02:22.279 [error] <0.155.0> Supervisor 'Elixir.Logger.Supervisor' had child 'Elixir.Logger.ErrorHandler' started with 'Elixir.Logger.Watcher':start_link({error_logger,'Elixir.Logger.ErrorHandler',{true,false,500}}) at <0.160.0> exit with reason normal in context child_terminated
2019-04-18 22:02:22.308 [info] <0.33.0> Application lager started on node nonode@nohost
2019-04-18 22:02:22.312 [info] <0.33.0> Application xmerl started on node nonode@nohost
2019-04-18 22:02:22.314 [info] <0.33.0> Application jsx started on node nonode@nohost
2019-04-18 22:02:22.320 [info] <0.33.0> Application ranch started on node nonode@nohost
2019-04-18 22:02:22.323 [info] <0.33.0> Application ranch_proxy_protocol started on node nonode@nohost
2019-04-18 22:02:22.324 [info] <0.33.0> Application recon started on node nonode@nohost
2019-04-18 22:02:22.324 [info] <0.33.0> Application rabbit_common started on node nonode@nohost
2019-04-18 22:02:22.329 [info] <0.33.0> Application amqp_client started on node nonode@nohost
2019-04-18 22:02:22.330 [info] <0.33.0> Application amqp started on node nonode@nohost
2019-04-18 22:02:22.336 [info] <0.33.0> Application tools started on node nonode@nohost
2019-04-18 22:02:22.336 [info] <0.33.0> Application meck started on node nonode@nohost
2019-04-18 22:02:22.336 [info] <0.33.0> Application mock started on node nonode@nohost
2019-04-18 22:02:22.377 [info] <0.33.0> Application producer started on node nonode@nohost
2019-04-18 22:02:22.389 [info] <0.33.0> Application ex_unit started on node nonode@nohost
2019-04-18 22:05:59.868 [error] <0.172.0> Supervisor 'Elixir.Logger.Supervisor' had child 'Elixir.Logger.ErrorHandler' started with 'Elixir.Logger.Watcher':start_link({error_logger,'Elixir.Logger.ErrorHandler',{true,false,500}}) at <0.177.0> exit with reason normal in context child_terminated
2019-04-18 22:05:59.892 [info] <0.33.0> Application lager started on node nonode@nohost
2019-04-18 22:05:59.896 [info] <0.33.0> Application xmerl started on node nonode@nohost
2019-04-18 22:05:59.898 [info] <0.33.0> Application jsx started on node nonode@nohost
2019-04-18 22:05:59.904 [info] <0.33.0> Application ranch started on node nonode@nohost
2019-04-18 22:05:59.905 [info] <0.33.0> Application ranch_proxy_protocol started on node nonode@nohost
2019-04-18 22:05:59.906 [info] <0.33.0> Application recon started on node nonode@nohost
2019-04-18 22:05:59.906 [info] <0.33.0> Application rabbit_common started on node nonode@nohost
2019-04-18 22:05:59.912 [info] <0.33.0> Application amqp_client started on node nonode@nohost
2019-04-18 22:05:59.912 [info] <0.33.0> Application amqp started on node nonode@nohost
2019-04-18 22:05:59.917 [info] <0.33.0> Application tools started on node nonode@nohost
2019-04-18 22:05:59.917 [info] <0.33.0> Application meck started on node nonode@nohost
2019-04-18 22:05:59.917 [info] <0.33.0> Application mock started on node nonode@nohost
2019-04-18 22:05:59.978 [info] <0.33.0> Application producer started on node nonode@nohost
2019-04-18 22:05:59.989 [info] <0.33.0> Application ex_unit started on node nonode@nohost
2019-04-18 22:06:16.522 [error] <0.146.0> Supervisor 'Elixir.Logger.Supervisor' had child 'Elixir.Logger.ErrorHandler' started with 'Elixir.Logger.Watcher':start_link({error_logger,'Elixir.Logger.ErrorHandler',{true,false,500}}) at <0.151.0> exit with reason normal in context child_terminated
2019-04-18 22:06:16.551 [info] <0.33.0> Application lager started on node nonode@nohost
2019-04-18 22:06:16.555 [info] <0.33.0> Application xmerl started on node nonode@nohost
2019-04-18 22:06:16.558 [info] <0.33.0> Application jsx started on node nonode@nohost
2019-04-18 22:06:16.563 [info] <0.33.0> Application ranch started on node nonode@nohost
2019-04-18 22:06:16.565 [info] <0.33.0> Application ranch_proxy_protocol started on node nonode@nohost
2019-04-18 22:06:16.566 [info] <0.33.0> Application recon started on node nonode@nohost
2019-04-18 22:06:16.566 [info] <0.33.0> Application rabbit_common started on node nonode@nohost
2019-04-18 22:06:16.571 [info] <0.33.0> Application amqp_client started on node nonode@nohost
2019-04-18 22:06:16.571 [info] <0.33.0> Application amqp started on node nonode@nohost
2019-04-18 22:06:16.577 [info] <0.33.0> Application tools started on node nonode@nohost
2019-04-18 22:06:16.577 [info] <0.33.0> Application meck started on node nonode@nohost
2019-04-18 22:06:16.577 [info] <0.33.0> Application mock started on node nonode@nohost
2019-04-18 22:06:16.620 [info] <0.33.0> Application producer started on node nonode@nohost
2019-04-18 22:06:16.629 [info] <0.33.0> Application ex_unit started on node nonode@nohost
2019-04-18 22:06:21.677 [error] <0.146.0> Supervisor 'Elixir.Logger.Supervisor' had child 'Elixir.Logger.ErrorHandler' started with 'Elixir.Logger.Watcher':start_link({error_logger,'Elixir.Logger.ErrorHandler',{true,false,500}}) at <0.151.0> exit with reason normal in context child_terminated
2019-04-18 22:06:21.700 [info] <0.33.0> Application lager started on node nonode@nohost
2019-04-18 22:06:21.704 [info] <0.33.0> Application xmerl started on node nonode@nohost
2019-04-18 22:06:21.706 [info] <0.33.0> Application jsx started on node nonode@nohost
2019-04-18 22:06:21.712 [info] <0.33.0> Application ranch started on node nonode@nohost
2019-04-18 22:06:21.715 [info] <0.33.0> Application ranch_proxy_protocol started on node nonode@nohost
2019-04-18 22:06:21.716 [info] <0.33.0> Application recon started on node nonode@nohost
2019-04-18 22:06:21.716 [info] <0.33.0> Application rabbit_common started on node nonode@nohost
2019-04-18 22:06:21.722 [info] <0.33.0> Application amqp_client started on node nonode@nohost
2019-04-18 22:06:21.722 [info] <0.33.0> Application amqp started on node nonode@nohost
2019-04-18 22:06:21.728 [info] <0.33.0> Application tools started on node nonode@nohost
2019-04-18 22:06:21.728 [info] <0.33.0> Application meck started on node nonode@nohost
2019-04-18 22:06:21.728 [info] <0.33.0> Application mock started on node nonode@nohost
2019-04-18 22:06:21.771 [info] <0.33.0> Application producer started on node nonode@nohost
2019-04-18 22:06:21.781 [info] <0.33.0> Application ex_unit started on node nonode@nohost
