2019-04-16 09:01:58 =SUPERVISOR REPORT====
     Supervisor: {local,'Elixir.Logger.Supervisor'}
     Context:    child_terminated
     Reason:     normal
     Offender:   [{pid,<0.450.0>},{id,'Elixir.Logger.ErrorHandler'},{mfargs,{'Elixir.Logger.Watcher',start_link,[{error_logger,'Elixir.Logger.ErrorHandler',{true,false,500}}]}},{restart_type,permanent},{shutdown,5000},{child_type,worker}]

2019-04-18 21:31:11 =SUPERVISOR REPORT====
     Supervisor: {local,'Elixir.Logger.Supervisor'}
     Context:    child_terminated
     Reason:     normal
     Offender:   [{pid,<0.364.0>},{id,'Elixir.Logger.ErrorHandler'},{mfargs,{'Elixir.Logger.Watcher',start_link,[{error_logger,'Elixir.Logger.ErrorHandler',{true,false,500}}]}},{restart_type,permanent},{shutdown,5000},{child_type,worker}]

2019-04-18 21:34:15 =SUPERVISOR REPORT====
     Supervisor: {local,'Elixir.Logger.Supervisor'}
     Context:    child_terminated
     Reason:     normal
     Offender:   [{pid,<0.151.0>},{id,'Elixir.Logger.ErrorHandler'},{mfargs,{'Elixir.Logger.Watcher',start_link,[{error_logger,'Elixir.Logger.ErrorHandler',{true,false,500}}]}},{restart_type,permanent},{shutdown,5000},{child_type,worker}]

2019-04-18 21:35:01 =SUPERVISOR REPORT====
     Supervisor: {local,'Elixir.Logger.Supervisor'}
     Context:    child_terminated
     Reason:     normal
     Offender:   [{pid,<0.160.0>},{id,'Elixir.Logger.ErrorHandler'},{mfargs,{'Elixir.Logger.Watcher',start_link,[{error_logger,'Elixir.Logger.ErrorHandler',{true,false,500}}]}},{restart_type,permanent},{shutdown,5000},{child_type,worker}]

2019-04-18 21:48:00 =SUPERVISOR REPORT====
     Supervisor: {local,'Elixir.Logger.Supervisor'}
     Context:    child_terminated
     Reason:     normal
     Offender:   [{pid,<0.172.0>},{id,'Elixir.Logger.ErrorHandler'},{mfargs,{'Elixir.Logger.Watcher',start_link,[{error_logger,'Elixir.Logger.ErrorHandler',{true,false,500}}]}},{restart_type,permanent},{shutdown,5000},{child_type,worker}]

2019-04-18 21:48:00 =ERROR REPORT====
** Generic server <0.247.0> terminating 
** Last message in was {'EXIT',<0.244.0>,shutdown}
** When Server state == {state,amqp_network_connection,{state,#Port<0.8876>,<<"client 127.0.0.1:59473 -> 127.0.0.1:5672">>,10,<0.252.0>,131072,<0.246.0>,undefined,false},<0.251.0>,{amqp_params_network,<<"guest">>,<<"guest">>,<<"/">>,"localhost",5672,2047,0,10,60000,none,[#Fun<amqp_uri.12.79294410>,#Fun<amqp_uri.12.79294410>],[],[]},2047,[{<<"capabilities">>,table,[{<<"publisher_confirms">>,bool,true},{<<"exchange_exchange_bindings">>,bool,true},{<<"basic.nack">>,bool,true},{<<"consumer_cancel_notify">>,bool,true},{<<"connection.blocked">>,bool,true},{<<"consumer_priorities">>,bool,true},{<<"authentication_failure_close">>,bool,true},{<<"per_consumer_qos">>,bool,true},{<<"direct_reply_to">>,bool,true}]},{<<"cluster_name">>,longstr,<<"rabbit@luizcezer-notebookrd">>},{<<"copyright">>,longstr,<<"Copyright (C) 2007-2018 Pivotal Software, Inc.">>},{<<"information">>,longstr,<<"Licensed under the MPL.  See http://www.rabbitmq.com/">>},{<<"platform">>,longstr,<<"Erlang/OTP 20.2.2">>},{<<"product">>,longstr,<<"RabbitMQ">>},{<<"version">>,longstr,<<"3.6.15">>}],none,false}
** Reason for termination == 
** "stopping because dependent process <0.244.0> died: shutdown"
2019-04-18 21:48:00 =CRASH REPORT====
  crasher:
    initial call: amqp_gen_connection:init/1
    pid: <0.247.0>
    registered_name: []
    exception exit: {"stopping because dependent process <0.244.0> died: shutdown",[{gen_server,handle_common_reply,8,[{file,"gen_server.erl"},{line,726}]},{proc_lib,init_p_do_apply,3,[{file,"proc_lib.erl"},{line,247}]}]}
    ancestors: [<0.245.0>,amqp_sup,<0.216.0>]
    message_queue_len: 0
    messages: []
    links: [#Port<0.8876>,<0.245.0>]
    dictionary: [{process_name,{amqp_gen_connection,<<"client 127.0.0.1:59473 -> 127.0.0.1:5672">>}}]
    trap_exit: true
    status: running
    heap_size: 987
    stack_size: 27
    reductions: 2513
  neighbours:
2019-04-18 21:48:00 =SUPERVISOR REPORT====
     Supervisor: {<0.245.0>,amqp_connection_sup}
     Context:    child_terminated
     Reason:     "stopping because dependent process <0.244.0> died: shutdown"
     Offender:   [{pid,<0.247.0>},{name,connection},{mfargs,{amqp_gen_connection,start_link,[<0.246.0>,{amqp_params_network,<<"guest">>,<<"guest">>,<<"/">>,"localhost",5672,2047,0,10,60000,none,[#Fun<amqp_uri.12.79294410>,#Fun<amqp_uri.12.79294410>],[],[]}]}},{restart_type,intrinsic},{shutdown,brutal_kill},{child_type,worker}]

2019-04-18 21:48:00 =SUPERVISOR REPORT====
     Supervisor: {<0.245.0>,amqp_connection_sup}
     Context:    shutdown
     Reason:     reached_max_restart_intensity
     Offender:   [{pid,<0.247.0>},{name,connection},{mfargs,{amqp_gen_connection,start_link,[<0.246.0>,{amqp_params_network,<<"guest">>,<<"guest">>,<<"/">>,"localhost",5672,2047,0,10,60000,none,[#Fun<amqp_uri.12.79294410>,#Fun<amqp_uri.12.79294410>],[],[]}]}},{restart_type,intrinsic},{shutdown,brutal_kill},{child_type,worker}]

2019-04-18 21:48:17 =SUPERVISOR REPORT====
     Supervisor: {local,'Elixir.Logger.Supervisor'}
     Context:    child_terminated
     Reason:     normal
     Offender:   [{pid,<0.160.0>},{id,'Elixir.Logger.ErrorHandler'},{mfargs,{'Elixir.Logger.Watcher',start_link,[{error_logger,'Elixir.Logger.ErrorHandler',{true,false,500}}]}},{restart_type,permanent},{shutdown,5000},{child_type,worker}]

2019-04-18 21:48:17 =ERROR REPORT====
** Generic server <0.235.0> terminating 
** Last message in was {'EXIT',<0.232.0>,shutdown}
** When Server state == {state,amqp_network_connection,{state,#Port<0.6488>,<<"client 127.0.0.1:55301 -> 127.0.0.1:5672">>,10,<0.240.0>,131072,<0.234.0>,undefined,false},<0.239.0>,{amqp_params_network,<<"guest">>,<<"guest">>,<<"/">>,"localhost",5672,2047,0,10,60000,none,[#Fun<amqp_uri.12.79294410>,#Fun<amqp_uri.12.79294410>],[],[]},2047,[{<<"capabilities">>,table,[{<<"publisher_confirms">>,bool,true},{<<"exchange_exchange_bindings">>,bool,true},{<<"basic.nack">>,bool,true},{<<"consumer_cancel_notify">>,bool,true},{<<"connection.blocked">>,bool,true},{<<"consumer_priorities">>,bool,true},{<<"authentication_failure_close">>,bool,true},{<<"per_consumer_qos">>,bool,true},{<<"direct_reply_to">>,bool,true}]},{<<"cluster_name">>,longstr,<<"rabbit@luizcezer-notebookrd">>},{<<"copyright">>,longstr,<<"Copyright (C) 2007-2018 Pivotal Software, Inc.">>},{<<"information">>,longstr,<<"Licensed under the MPL.  See http://www.rabbitmq.com/">>},{<<"platform">>,longstr,<<"Erlang/OTP 20.2.2">>},{<<"product">>,longstr,<<"RabbitMQ">>},{<<"version">>,longstr,<<"3.6.15">>}],none,false}
** Reason for termination == 
** "stopping because dependent process <0.232.0> died: shutdown"
2019-04-18 21:48:17 =CRASH REPORT====
  crasher:
    initial call: amqp_gen_connection:init/1
    pid: <0.235.0>
    registered_name: []
    exception exit: {"stopping because dependent process <0.232.0> died: shutdown",[{gen_server,handle_common_reply,8,[{file,"gen_server.erl"},{line,726}]},{proc_lib,init_p_do_apply,3,[{file,"proc_lib.erl"},{line,247}]}]}
    ancestors: [<0.233.0>,amqp_sup,<0.204.0>]
    message_queue_len: 0
    messages: []
    links: [#Port<0.6488>,<0.233.0>]
    dictionary: [{process_name,{amqp_gen_connection,<<"client 127.0.0.1:55301 -> 127.0.0.1:5672">>}}]
    trap_exit: true
    status: running
    heap_size: 987
    stack_size: 27
    reductions: 2514
  neighbours:
2019-04-18 21:57:48 =SUPERVISOR REPORT====
     Supervisor: {local,'Elixir.Logger.Supervisor'}
     Context:    child_terminated
     Reason:     normal
     Offender:   [{pid,<0.166.0>},{id,'Elixir.Logger.ErrorHandler'},{mfargs,{'Elixir.Logger.Watcher',start_link,[{error_logger,'Elixir.Logger.ErrorHandler',{true,false,500}}]}},{restart_type,permanent},{shutdown,5000},{child_type,worker}]

2019-04-18 21:57:48 =ERROR REPORT====
** Generic server <0.241.0> terminating 
** Last message in was {'EXIT',<0.238.0>,shutdown}
** When Server state == {state,amqp_network_connection,{state,#Port<0.6583>,<<"client 127.0.0.1:48799 -> 127.0.0.1:5672">>,10,<0.246.0>,131072,<0.240.0>,undefined,false},<0.245.0>,{amqp_params_network,<<"guest">>,<<"guest">>,<<"/">>,"localhost",5672,2047,0,10,60000,none,[#Fun<amqp_uri.12.79294410>,#Fun<amqp_uri.12.79294410>],[],[]},2047,[{<<"capabilities">>,table,[{<<"publisher_confirms">>,bool,true},{<<"exchange_exchange_bindings">>,bool,true},{<<"basic.nack">>,bool,true},{<<"consumer_cancel_notify">>,bool,true},{<<"connection.blocked">>,bool,true},{<<"consumer_priorities">>,bool,true},{<<"authentication_failure_close">>,bool,true},{<<"per_consumer_qos">>,bool,true},{<<"direct_reply_to">>,bool,true}]},{<<"cluster_name">>,longstr,<<"rabbit@luizcezer-notebookrd">>},{<<"copyright">>,longstr,<<"Copyright (C) 2007-2018 Pivotal Software, Inc.">>},{<<"information">>,longstr,<<"Licensed under the MPL.  See http://www.rabbitmq.com/">>},{<<"platform">>,longstr,<<"Erlang/OTP 20.2.2">>},{<<"product">>,longstr,<<"RabbitMQ">>},{<<"version">>,longstr,<<"3.6.15">>}],none,false}
** Reason for termination == 
** "stopping because dependent process <0.238.0> died: shutdown"
2019-04-18 21:57:48 =CRASH REPORT====
  crasher:
    initial call: amqp_gen_connection:init/1
    pid: <0.241.0>
    registered_name: []
    exception exit: {"stopping because dependent process <0.238.0> died: shutdown",[{gen_server,handle_common_reply,8,[{file,"gen_server.erl"},{line,726}]},{proc_lib,init_p_do_apply,3,[{file,"proc_lib.erl"},{line,247}]}]}
    ancestors: [<0.239.0>,amqp_sup,<0.210.0>]
    message_queue_len: 0
    messages: []
    links: [#Port<0.6583>,<0.239.0>]
    dictionary: [{process_name,{amqp_gen_connection,<<"client 127.0.0.1:48799 -> 127.0.0.1:5672">>}}]
    trap_exit: true
    status: running
    heap_size: 987
    stack_size: 27
    reductions: 2513
  neighbours:
2019-04-18 21:57:48 =SUPERVISOR REPORT====
     Supervisor: {<0.239.0>,amqp_connection_sup}
     Context:    child_terminated
     Reason:     "stopping because dependent process <0.238.0> died: shutdown"
     Offender:   [{pid,<0.241.0>},{name,connection},{mfargs,{amqp_gen_connection,start_link,[<0.240.0>,{amqp_params_network,<<"guest">>,<<"guest">>,<<"/">>,"localhost",5672,2047,0,10,60000,none,[#Fun<amqp_uri.12.79294410>,#Fun<amqp_uri.12.79294410>],[],[]}]}},{restart_type,intrinsic},{shutdown,brutal_kill},{child_type,worker}]

2019-04-18 22:00:29 =SUPERVISOR REPORT====
     Supervisor: {local,'Elixir.Logger.Supervisor'}
     Context:    child_terminated
     Reason:     normal
     Offender:   [{pid,<0.177.0>},{id,'Elixir.Logger.ErrorHandler'},{mfargs,{'Elixir.Logger.Watcher',start_link,[{error_logger,'Elixir.Logger.ErrorHandler',{true,false,500}}]}},{restart_type,permanent},{shutdown,5000},{child_type,worker}]

2019-04-18 22:00:29 =CRASH REPORT====
  crasher:
    initial call: application_master:init/4
    pid: <0.228.0>
    registered_name: []
    exception exit: {{bad_return,{{'Elixir.Producer.Application',start,[normal,[]]},{'EXIT',{#{'__exception__' => true,'__struct__' => 'Elixir.ArgumentError',message => <<"The module Broker was given as a child to a supervisor but it does not exist.">>},[{'Elixir.Supervisor',init_child,1,[{file,"lib/supervisor.ex"},{line,629}]},{'Elixir.Enum','-map/2-lists^map/1-0-',2,[{file,"lib/enum.ex"},{line,1327}]},{'Elixir.Supervisor',init,2,[{file,"lib/supervisor.ex"},{line,615}]},{'Elixir.Supervisor',start_link,2,[{file,"lib/supervisor.ex"},{line,564}]},{application_master,start_it_old,4,[{file,"application_master.erl"},{line,273}]}]}}}},[{application_master,init,4,[{file,"application_master.erl"},{line,134}]},{proc_lib,init_p_do_apply,3,[{file,"proc_lib.erl"},{line,247}]}]}
    ancestors: [<0.227.0>]
    message_queue_len: 1
    messages: [{'EXIT',<0.229.0>,normal}]
    links: [<0.227.0>,<0.33.0>]
    dictionary: []
    trap_exit: true
    status: running
    heap_size: 610
    stack_size: 27
    reductions: 202
  neighbours:
2019-04-18 22:00:56 =SUPERVISOR REPORT====
     Supervisor: {local,'Elixir.Logger.Supervisor'}
     Context:    child_terminated
     Reason:     normal
     Offender:   [{pid,<0.177.0>},{id,'Elixir.Logger.ErrorHandler'},{mfargs,{'Elixir.Logger.Watcher',start_link,[{error_logger,'Elixir.Logger.ErrorHandler',{true,false,500}}]}},{restart_type,permanent},{shutdown,5000},{child_type,worker}]

2019-04-18 22:02:16 =SUPERVISOR REPORT====
     Supervisor: {local,'Elixir.Logger.Supervisor'}
     Context:    child_terminated
     Reason:     normal
     Offender:   [{pid,<0.165.0>},{id,'Elixir.Logger.ErrorHandler'},{mfargs,{'Elixir.Logger.Watcher',start_link,[{error_logger,'Elixir.Logger.ErrorHandler',{true,false,500}}]}},{restart_type,permanent},{shutdown,5000},{child_type,worker}]

2019-04-18 22:02:22 =SUPERVISOR REPORT====
     Supervisor: {local,'Elixir.Logger.Supervisor'}
     Context:    child_terminated
     Reason:     normal
     Offender:   [{pid,<0.160.0>},{id,'Elixir.Logger.ErrorHandler'},{mfargs,{'Elixir.Logger.Watcher',start_link,[{error_logger,'Elixir.Logger.ErrorHandler',{true,false,500}}]}},{restart_type,permanent},{shutdown,5000},{child_type,worker}]

2019-04-18 22:05:59 =SUPERVISOR REPORT====
     Supervisor: {local,'Elixir.Logger.Supervisor'}
     Context:    child_terminated
     Reason:     normal
     Offender:   [{pid,<0.177.0>},{id,'Elixir.Logger.ErrorHandler'},{mfargs,{'Elixir.Logger.Watcher',start_link,[{error_logger,'Elixir.Logger.ErrorHandler',{true,false,500}}]}},{restart_type,permanent},{shutdown,5000},{child_type,worker}]

2019-04-18 22:06:16 =SUPERVISOR REPORT====
     Supervisor: {local,'Elixir.Logger.Supervisor'}
     Context:    child_terminated
     Reason:     normal
     Offender:   [{pid,<0.151.0>},{id,'Elixir.Logger.ErrorHandler'},{mfargs,{'Elixir.Logger.Watcher',start_link,[{error_logger,'Elixir.Logger.ErrorHandler',{true,false,500}}]}},{restart_type,permanent},{shutdown,5000},{child_type,worker}]

2019-04-18 22:06:21 =SUPERVISOR REPORT====
     Supervisor: {local,'Elixir.Logger.Supervisor'}
     Context:    child_terminated
     Reason:     normal
     Offender:   [{pid,<0.151.0>},{id,'Elixir.Logger.ErrorHandler'},{mfargs,{'Elixir.Logger.Watcher',start_link,[{error_logger,'Elixir.Logger.ErrorHandler',{true,false,500}}]}},{restart_type,permanent},{shutdown,5000},{child_type,worker}]

